<?xml version="1.0" encoding="UTF-8"?>
<!-- Generated by org.testng.reporters.JUnitReportReporter -->
<testsuite hostname="DESKTOP-K1HPUF1" failures="0" tests="2" name="com.incident.testcases.ResolveIncident" time="64.550" errors="0" timestamp="2021-08-09T14:52:52 IST" skipped="0">
  <testcase classname="com.incident.testcases.ResolveIncident" name="delete" time="35.907"/>
  <system-out/>
  <testcase classname="com.incident.testcases.ResolveIncident" name="delete" time="28.643"/>
  <system-out/>
</testsuite> <!-- com.incident.testcases.ResolveIncident -->
