<?xml version="1.0" encoding="UTF-8"?>
<!-- Generated by org.testng.reporters.JUnitReportReporter -->
<testsuite hostname="DESKTOP-K1HPUF1" failures="0" tests="1" name="com.incident.testcases.AssignIncident" time="25.759" errors="0" timestamp="2021-08-09T11:27:12 IST" skipped="0">
  <testcase classname="com.incident.testcases.AssignIncident" name="assign" time="25.759"/>
  <system-out/>
</testsuite> <!-- com.incident.testcases.AssignIncident -->
