<?xml version="1.0" encoding="UTF-8"?>
<!-- Generated by org.testng.reporters.JUnitReportReporter -->
<testsuite hostname="DESKTOP-K1HPUF1" failures="0" tests="2" name="com.incident.testcases.UpdateExistingIncident" time="58.187" errors="0" timestamp="2021-08-09T15:40:30 IST" skipped="0">
  <testcase classname="com.incident.testcases.UpdateExistingIncident" name="update" time="26.768"/>
  <system-out/>
  <testcase classname="com.incident.testcases.UpdateExistingIncident" name="update" time="31.419"/>
  <system-out/>
</testsuite> <!-- com.incident.testcases.UpdateExistingIncident -->
