<?xml version="1.0" encoding="UTF-8"?>
<!-- Generated by org.testng.reporters.JUnitReportReporter -->
<testsuite hostname="DESKTOP-K1HPUF1" failures="0" tests="2" name="com.incident.testcases.CreateNewIncident" time="51.470" errors="0" timestamp="2021-08-09T16:14:10 IST" skipped="0">
  <testcase classname="com.incident.testcases.CreateNewIncident" name="createIncident" time="24.978"/>
  <system-out/>
  <testcase classname="com.incident.testcases.CreateNewIncident" name="createIncident" time="26.492"/>
  <system-out/>
</testsuite> <!-- com.incident.testcases.CreateNewIncident -->
