<?xml version="1.0" encoding="UTF-8"?>
<!-- Generated by org.testng.reporters.JUnitReportReporter -->
<testsuite hostname="DESKTOP-K1HPUF1" failures="0" tests="1" name="com.incident.testcases.DeleteIncident" time="24.940" errors="0" timestamp="2021-08-09T11:27:12 IST" skipped="0">
  <testcase classname="com.incident.testcases.DeleteIncident" name="delete" time="24.940"/>
  <system-out/>
</testsuite> <!-- com.incident.testcases.DeleteIncident -->
